<?xml version="1.0" encoding="utf-8"?>
<test-run id="2" name="Open-Lab-05.02.dll" fullname="C:/Users/onkom/Source/Repos/Open-Lab-05.02/Open-Lab-05.02/bin/Debug/netcoreapp3.0/Open-Lab-05.02.dll" testcasecount="100" result="Passed" start-time="2021-12-27 20:50:26Z" end-time="2021-12-27 20:50:26Z" duration="0.144343" total="100" passed="100" failed="0" inconclusive="0" skipped="0" asserts="100" random-seed="1950761129">
  <command-line><![CDATA[C:\Users\onkom\Source\Repos\Open-Lab-05.02\Open-Lab-05.02\bin\Debug\netcoreapp3.0\Open-Lab-05.02.dll]]></command-line>
  <filter />
  <test-suite type="Assembly" id="1103" name="Open-Lab-05.02.dll" fullname="C:/Users/onkom/Source/Repos/Open-Lab-05.02/Open-Lab-05.02/bin/Debug/netcoreapp3.0/Open-Lab-05.02.dll" runstate="Runnable" testcasecount="100" result="Passed" start-time="2021-12-27 20:50:26Z" end-time="2021-12-27 20:50:26Z" duration="0.144343" total="100" passed="100" failed="0" warnings="0" inconclusive="0" skipped="0" asserts="100">
    <environment framework-version="3.12.0.0" clr-version="3.1.19" os-version="Microsoft Windows 10.0.19042" platform="Win32NT" cwd="C:\Users\onkom\Source\Repos\Open-Lab-05.02\Open-Lab-05.02\bin\Debug\netcoreapp3.0" machine-name="DESKTOP-7OQAPDJ" user="onkom" user-domain="DESKTOP-7OQAPDJ" culture="en-US" uiculture="en-US" os-architecture="x64" />
    <settings>
      <setting name="WorkDirectory" value="C:\Users\onkom\Source\Repos\Open-Lab-05.02\Open-Lab-05.02\bin\Debug\netcoreapp3.0" />
      <setting name="NumberOfTestWorkers" value="4" />
    </settings>
    <properties>
      <property name="_PID" value="11272" />
      <property name="_APPDOMAIN" value="Open-Lab-05.02" />
    </properties>
    <test-suite type="TestSuite" id="1104" name="Open_Lab_05" fullname="Open_Lab_05" runstate="Runnable" testcasecount="100" result="Passed" start-time="2021-12-27 20:50:26Z" end-time="2021-12-27 20:50:26Z" duration="0.125033" total="100" passed="100" failed="0" warnings="0" inconclusive="0" skipped="0" asserts="100">
      <test-suite type="TestSuite" id="1105" name="_02" fullname="Open_Lab_05._02" runstate="Runnable" testcasecount="100" result="Passed" start-time="2021-12-27 20:50:26Z" end-time="2021-12-27 20:50:26Z" duration="0.117009" total="100" passed="100" failed="0" warnings="0" inconclusive="0" skipped="0" asserts="100">
        <test-suite type="TestFixture" id="1000" name="Tests" fullname="Open_Lab_05._02.Tests" classname="Open_Lab_05._02.Tests" runstate="Runnable" testcasecount="100" result="Passed" start-time="2021-12-27 20:50:26Z" end-time="2021-12-27 20:50:26Z" duration="0.111309" total="100" passed="100" failed="0" warnings="0" inconclusive="0" skipped="0" asserts="100">
          <test-suite type="ParameterizedMethod" id="1006" name="NoYellingTest" fullname="Open_Lab_05._02.Tests.NoYellingTest" classname="Open_Lab_05._02.Tests" runstate="Runnable" testcasecount="5" result="Passed" start-time="2021-12-27 20:50:26Z" end-time="2021-12-27 20:50:26Z" duration="0.077174" total="5" passed="5" failed="0" warnings="0" inconclusive="0" skipped="0" asserts="5">
            <test-case id="1001" name="NoYellingTest(&quot;What went wrong?????????&quot;,&quot;What went wrong?&quot;)" fullname="Open_Lab_05._02.Tests.NoYellingTest(&quot;What went wrong?????????&quot;,&quot;What went wrong?&quot;)" methodname="NoYellingTest" classname="Open_Lab_05._02.Tests" runstate="Runnable" seed="778123508" result="Passed" start-time="2021-12-27 20:50:26Z" end-time="2021-12-27 20:50:26Z" duration="0.054884" asserts="1" />
            <test-case id="1002" name="NoYellingTest(&quot;Oh my goodness!!!&quot;,&quot;Oh my goodness!&quot;)" fullname="Open_Lab_05._02.Tests.NoYellingTest(&quot;Oh my goodness!!!&quot;,&quot;Oh my goodness!&quot;)" methodname="NoYellingTest" classname="Open_Lab_05._02.Tests" runstate="Runnable" seed="1147686469" result="Passed" start-time="2021-12-27 20:50:26Z" end-time="2021-12-27 20:50:26Z" duration="0.000362" asserts="1" />
            <test-case id="1003" name="NoYellingTest(&quot;I just!!! can!!! not!!! believe!!! it!!!&quot;,&quot;I just!!! can!!! not!!! believe!!! it!&quot;)" fullname="Open_Lab_05._02.Tests.NoYellingTest(&quot;I just!!! can!!! not!!! believe!!! it!!!&quot;,&quot;I just!!! can!!! not!!! believe!!! it!&quot;)" methodname="NoYellingTest" classname="Open_Lab_05._02.Tests" runstate="Runnable" seed="12328491" result="Passed" start-time="2021-12-27 20:50:26Z" end-time="2021-12-27 20:50:26Z" duration="0.000141" asserts="1" />
            <test-case id="1004" name="NoYellingTest(&quot;Oh my goodness!&quot;,&quot;Oh my goodness!&quot;)" fullname="Open_Lab_05._02.Tests.NoYellingTest(&quot;Oh my goodness!&quot;,&quot;Oh my goodness!&quot;)" methodname="NoYellingTest" classname="Open_Lab_05._02.Tests" runstate="Runnable" seed="372368172" result="Passed" start-time="2021-12-27 20:50:26Z" end-time="2021-12-27 20:50:26Z" duration="0.000439" asserts="1" />
            <test-case id="1005" name="NoYellingTest(&quot;I just cannot believe it..&quot;,&quot;I just cannot believe it..&quot;)" fullname="Open_Lab_05._02.Tests.NoYellingTest(&quot;I just cannot believe it..&quot;,&quot;I just cannot believe it..&quot;)" methodname="NoYellingTest" classname="Open_Lab_05._02.Tests" runstate="Runnable" seed="20740344" result="Passed" start-time="2021-12-27 20:50:26Z" end-time="2021-12-27 20:50:26Z" duration="0.000265" asserts="1" />
          </test-suite>
          <test-suite type="ParameterizedMethod" id="1102" name="NoYellingTestRandom" fullname="Open_Lab_05._02.Tests.NoYellingTestRandom" classname="Open_Lab_05._02.Tests" runstate="Runnable" testcasecount="95" result="Passed" start-time="2021-12-27 20:50:26Z" end-time="2021-12-27 20:50:26Z" duration="0.017288" total="95" passed="95" failed="0" warnings="0" inconclusive="0" skipped="0" asserts="95">
            <test-case id="1007" name="NoYellingTestRandom(&quot;fbxmbmlwn vzjconsf.........&quot;,&quot;fbxmbmlwn vzjconsf.........&quot;)" fullname="Open_Lab_05._02.Tests.NoYellingTestRandom(&quot;fbxmbmlwn vzjconsf.........&quot;,&quot;fbxmbmlwn vzjconsf.........&quot;)" methodname="NoYellingTestRandom" classname="Open_Lab_05._02.Tests" runstate="Runnable" seed="56993311" result="Passed" start-time="2021-12-27 20:50:26Z" end-time="2021-12-27 20:50:26Z" duration="0.000515" asserts="1" />
            <test-case id="1008" name="NoYellingTestRandom(&quot;jsdkbpoaqo!!!!! bpyfsuudcv!!!!! vpcmva!!!!!!!! hnouybkh!!!! ihbvayomnt!!!!!!!&quot;,&quot;jsdkbpoaqo!!!!! bpyfsuudcv!!!!! vpcmva!!!!!!!! hnouybkh!!!! ihbvayomnt!&quot;)" fullname="Open_Lab_05._02.Tests.NoYellingTestRandom(&quot;jsdkbpoaqo!!!!! bpyfsuudcv!!!!! vpcmva!!!!!!!! hnouybkh!!!! ihbvayomnt!!!!!!!&quot;,&quot;jsdkbpoaqo!!!!! bpyfsuudcv!!!!! vpcmva!!!!!!!! hnouybkh!!!! ihbvayomnt!&quot;)" methodname="NoYellingTestRandom" classname="Open_Lab_05._02.Tests" runstate="Runnable" seed="607954934" result="Passed" start-time="2021-12-27 20:50:26Z" end-time="2021-12-27 20:50:26Z" duration="0.000196" asserts="1" />
            <test-case id="1009" name="NoYellingTestRandom(&quot;fgpln?????? qu?? obdhqj??? lmevzo?? jnz????????? czosmytx?????&quot;,&quot;fgpln?????? qu?? obdhqj??? lmevzo?? jnz????????? czosmytx?&quot;)" fullname="Open_Lab_05._02.Tests.NoYellingTestRandom(&quot;fgpln?????? qu?? obdhqj??? lmevzo?? jnz????????? czosmytx?????&quot;,&quot;fgpln?????? qu?? obdhqj??? lmevzo?? jnz????????? czosmytx?&quot;)" methodname="NoYellingTestRandom" classname="Open_Lab_05._02.Tests" runstate="Runnable" seed="1297881035" result="Passed" start-time="2021-12-27 20:50:26Z" end-time="2021-12-27 20:50:26Z" duration="0.000142" asserts="1" />
            <test-case id="1010" name="NoYellingTestRandom(&quot;pmxlfw????? rzbbl?? kdvcvut???????? ppeku? usgk?????????&quot;,&quot;pmxlfw????? rzbbl?? kdvcvut???????? ppeku? usgk?&quot;)" fullname="Open_Lab_05._02.Tests.NoYellingTestRandom(&quot;pmxlfw????? rzbbl?? kdvcvut???????? ppeku? usgk?????????&quot;,&quot;pmxlfw????? rzbbl?? kdvcvut???????? ppeku? usgk?&quot;)" methodname="NoYellingTestRandom" classname="Open_Lab_05._02.Tests" runstate="Runnable" seed="243918081" result="Passed" start-time="2021-12-27 20:50:26Z" end-time="2021-12-27 20:50:26Z" duration="0.000119" asserts="1" />
            <test-case id="1011" name="NoYellingTestRandom(&quot;qopvdx..&quot;,&quot;qopvdx..&quot;)" fullname="Open_Lab_05._02.Tests.NoYellingTestRandom(&quot;qopvdx..&quot;,&quot;qopvdx..&quot;)" methodname="NoYellingTestRandom" classname="Open_Lab_05._02.Tests" runstate="Runnable" seed="1827731987" result="Passed" start-time="2021-12-27 20:50:26Z" end-time="2021-12-27 20:50:26Z" duration="0.000094" asserts="1" />
            <test-case id="1012" name="NoYellingTestRandom(&quot;bjurpqtvb vqrzjkbgj fud rmgfyid hi...&quot;,&quot;bjurpqtvb vqrzjkbgj fud rmgfyid hi...&quot;)" fullname="Open_Lab_05._02.Tests.NoYellingTestRandom(&quot;bjurpqtvb vqrzjkbgj fud rmgfyid hi...&quot;,&quot;bjurpqtvb vqrzjkbgj fud rmgfyid hi...&quot;)" methodname="NoYellingTestRandom" classname="Open_Lab_05._02.Tests" runstate="Runnable" seed="219451304" result="Passed" start-time="2021-12-27 20:50:26Z" end-time="2021-12-27 20:50:26Z" duration="0.000121" asserts="1" />
            <test-case id="1013" name="NoYellingTestRandom(&quot;bnob!! nyofk!!!!!! ec!!!!!! fezdkoxt!!!&quot;,&quot;bnob!! nyofk!!!!!! ec!!!!!! fezdkoxt!&quot;)" fullname="Open_Lab_05._02.Tests.NoYellingTestRandom(&quot;bnob!! nyofk!!!!!! ec!!!!!! fezdkoxt!!!&quot;,&quot;bnob!! nyofk!!!!!! ec!!!!!! fezdkoxt!&quot;)" methodname="NoYellingTestRandom" classname="Open_Lab_05._02.Tests" runstate="Runnable" seed="1997981089" result="Passed" start-time="2021-12-27 20:50:26Z" end-time="2021-12-27 20:50:26Z" duration="0.000095" asserts="1" />
            <test-case id="1014" name="NoYellingTestRandom(&quot;rzzu???? rr??? zenrzogm??????? qbehhcryqi??? foxgkhpw???????? omeup? jmewbtpu??????&quot;,&quot;rzzu???? rr??? zenrzogm??????? qbehhcryqi??? foxgkhpw???????? omeup? jmewbtpu?&quot;)" fullname="Open_Lab_05._02.Tests.NoYellingTestRandom(&quot;rzzu???? rr??? zenrzogm??????? qbehhcryqi??? foxgkhpw???????? omeup? jmewbtpu??????&quot;,&quot;rzzu???? rr??? zenrzogm??????? qbehhcryqi??? foxgkhpw???????? omeup? jmewbtpu?&quot;)" methodname="NoYellingTestRandom" classname="Open_Lab_05._02.Tests" runstate="Runnable" seed="1447055806" result="Passed" start-time="2021-12-27 20:50:26Z" end-time="2021-12-27 20:50:26Z" duration="0.000145" asserts="1" />
            <test-case id="1015" name="NoYellingTestRandom(&quot;sakzczytsd!!!!!! avqmscmmyj!!!!!!!!! oadv!!!!!!!! supf!!!!! dmcvqywg! vgddbq!!! ritplcvdlg!!!!!&quot;,&quot;sakzczytsd!!!!!! avqmscmmyj!!!!!!!!! oadv!!!!!!!! supf!!!!! dmcvqywg! vgddbq!!! ritplcvdlg!&quot;)" fullname="Open_Lab_05._02.Tests.NoYellingTestRandom(&quot;sakzczytsd!!!!!! avqmscmmyj!!!!!!!!! oadv!!!!!!!! supf!!!!! dmcvqywg! vgddbq!!! ritplcvdlg!!!!!&quot;,&quot;sakzczytsd!!!!!! avqmscmmyj!!!!!!!!! oadv!!!!!!!! supf!!!!! dmcvqywg! vgddbq!!! ritplcvdlg!&quot;)" methodname="NoYellingTestRandom" classname="Open_Lab_05._02.Tests" runstate="Runnable" seed="1764988117" result="Passed" start-time="2021-12-27 20:50:26Z" end-time="2021-12-27 20:50:26Z" duration="0.000107" asserts="1" />
            <test-case id="1016" name="NoYellingTestRandom(&quot;vcpi arv nb exre...&quot;,&quot;vcpi arv nb exre...&quot;)" fullname="Open_Lab_05._02.Tests.NoYellingTestRandom(&quot;vcpi arv nb exre...&quot;,&quot;vcpi arv nb exre...&quot;)" methodname="NoYellingTestRandom" classname="Open_Lab_05._02.Tests" runstate="Runnable" seed="1776094316" result="Passed" start-time="2021-12-27 20:50:26Z" end-time="2021-12-27 20:50:26Z" duration="0.000088" asserts="1" />
            <test-case id="1017" name="NoYellingTestRandom(&quot;cojhobazn pvizad uwqisr hdxymgvik.......&quot;,&quot;cojhobazn pvizad uwqisr hdxymgvik.......&quot;)" fullname="Open_Lab_05._02.Tests.NoYellingTestRandom(&quot;cojhobazn pvizad uwqisr hdxymgvik.......&quot;,&quot;cojhobazn pvizad uwqisr hdxymgvik.......&quot;)" methodname="NoYellingTestRandom" classname="Open_Lab_05._02.Tests" runstate="Runnable" seed="1792411305" result="Passed" start-time="2021-12-27 20:50:26Z" end-time="2021-12-27 20:50:26Z" duration="0.000103" asserts="1" />
            <test-case id="1018" name="NoYellingTestRandom(&quot;iudzrinx ziet omm....&quot;,&quot;iudzrinx ziet omm....&quot;)" fullname="Open_Lab_05._02.Tests.NoYellingTestRandom(&quot;iudzrinx ziet omm....&quot;,&quot;iudzrinx ziet omm....&quot;)" methodname="NoYellingTestRandom" classname="Open_Lab_05._02.Tests" runstate="Runnable" seed="1639399551" result="Passed" start-time="2021-12-27 20:50:26Z" end-time="2021-12-27 20:50:26Z" duration="0.000090" asserts="1" />
            <test-case id="1019" name="NoYellingTestRandom(&quot;hxcbafu?????? ttkezs????????? jdxmhvt?????? vhv???&quot;,&quot;hxcbafu?????? ttkezs????????? jdxmhvt?????? vhv?&quot;)" fullname="Open_Lab_05._02.Tests.NoYellingTestRandom(&quot;hxcbafu?????? ttkezs????????? jdxmhvt?????? vhv???&quot;,&quot;hxcbafu?????? ttkezs????????? jdxmhvt?????? vhv?&quot;)" methodname="NoYellingTestRandom" classname="Open_Lab_05._02.Tests" runstate="Runnable" seed="1136062803" result="Passed" start-time="2021-12-27 20:50:26Z" end-time="2021-12-27 20:50:26Z" duration="0.000875" asserts="1" />
            <test-case id="1020" name="NoYellingTestRandom(&quot;tmfxp?? dsbp??? zlvwv???? qdzcjxsjmr??????? jglmmsacvu???????? fivjkmzd??? nqndosoyr??????? sb? yid?????&quot;,&quot;tmfxp?? dsbp??? zlvwv???? qdzcjxsjmr??????? jglmmsacvu???????? fivjkmzd??? nqndosoyr??????? sb? yid?&quot;)" fullname="Open_Lab_05._02.Tests.NoYellingTestRandom(&quot;tmfxp?? dsbp??? zlvwv???? qdzcjxsjmr??????? jglmmsacvu???????? fivjkmzd??? nqndosoyr??????? sb? yid?????&quot;,&quot;tmfxp?? dsbp??? zlvwv???? qdzcjxsjmr??????? jglmmsacvu???????? fivjkmzd??? nqndosoyr??????? sb? yid?&quot;)" methodname="NoYellingTestRandom" classname="Open_Lab_05._02.Tests" runstate="Runnable" seed="1299620100" result="Passed" start-time="2021-12-27 20:50:26Z" end-time="2021-12-27 20:50:26Z" duration="0.000222" asserts="1" />
            <test-case id="1021" name="NoYellingTestRandom(&quot;ktwacjzar???????? rsuzjeinx? en??????? vmew??????? uqgtg????????? fzrkfr?????? tyyzl???? usois?????????&quot;,&quot;ktwacjzar???????? rsuzjeinx? en??????? vmew??????? uqgtg????????? fzrkfr?????? tyyzl???? usois?&quot;)" fullname="Open_Lab_05._02.Tests.NoYellingTestRandom(&quot;ktwacjzar???????? rsuzjeinx? en??????? vmew??????? uqgtg????????? fzrkfr?????? tyyzl???? usois?????????&quot;,&quot;ktwacjzar???????? rsuzjeinx? en??????? vmew??????? uqgtg????????? fzrkfr?????? tyyzl???? usois?&quot;)" methodname="NoYellingTestRandom" classname="Open_Lab_05._02.Tests" runstate="Runnable" seed="996951796" result="Passed" start-time="2021-12-27 20:50:26Z" end-time="2021-12-27 20:50:26Z" duration="0.000074" asserts="1" />
            <test-case id="1022" name="NoYellingTestRandom(&quot;vncwco!!!!!!!! psh!! gzwxhcnfwx!!!!! wnfxvfs!!!!!!!!&quot;,&quot;vncwco!!!!!!!! psh!! gzwxhcnfwx!!!!! wnfxvfs!&quot;)" fullname="Open_Lab_05._02.Tests.NoYellingTestRandom(&quot;vncwco!!!!!!!! psh!! gzwxhcnfwx!!!!! wnfxvfs!!!!!!!!&quot;,&quot;vncwco!!!!!!!! psh!! gzwxhcnfwx!!!!! wnfxvfs!&quot;)" methodname="NoYellingTestRandom" classname="Open_Lab_05._02.Tests" runstate="Runnable" seed="1462603915" result="Passed" start-time="2021-12-27 20:50:26Z" end-time="2021-12-27 20:50:26Z" duration="0.000081" asserts="1" />
            <test-case id="1023" name="NoYellingTestRandom(&quot;pnifsvj??????? ailomvdl? yqmafaafum?????? qrhgjyx????? mdnvnbqkz????&quot;,&quot;pnifsvj??????? ailomvdl? yqmafaafum?????? qrhgjyx????? mdnvnbqkz?&quot;)" fullname="Open_Lab_05._02.Tests.NoYellingTestRandom(&quot;pnifsvj??????? ailomvdl? yqmafaafum?????? qrhgjyx????? mdnvnbqkz????&quot;,&quot;pnifsvj??????? ailomvdl? yqmafaafum?????? qrhgjyx????? mdnvnbqkz?&quot;)" methodname="NoYellingTestRandom" classname="Open_Lab_05._02.Tests" runstate="Runnable" seed="274863649" result="Passed" start-time="2021-12-27 20:50:26Z" end-time="2021-12-27 20:50:26Z" duration="0.000076" asserts="1" />
            <test-case id="1024" name="NoYellingTestRandom(&quot;qbcmde..&quot;,&quot;qbcmde..&quot;)" fullname="Open_Lab_05._02.Tests.NoYellingTestRandom(&quot;qbcmde..&quot;,&quot;qbcmde..&quot;)" methodname="NoYellingTestRandom" classname="Open_Lab_05._02.Tests" runstate="Runnable" seed="964471514" result="Passed" start-time="2021-12-27 20:50:26Z" end-time="2021-12-27 20:50:26Z" duration="0.000066" asserts="1" />
            <test-case id="1025" name="NoYellingTestRandom(&quot;mnsugfm!!! dgl!!!!! fryjuv!!!!!!!!! ylbge!!!! sbtywbhvh!!!!!!!! nysjx!! chl!!!!!!&quot;,&quot;mnsugfm!!! dgl!!!!! fryjuv!!!!!!!!! ylbge!!!! sbtywbhvh!!!!!!!! nysjx!! chl!&quot;)" fullname="Open_Lab_05._02.Tests.NoYellingTestRandom(&quot;mnsugfm!!! dgl!!!!! fryjuv!!!!!!!!! ylbge!!!! sbtywbhvh!!!!!!!! nysjx!! chl!!!!!!&quot;,&quot;mnsugfm!!! dgl!!!!! fryjuv!!!!!!!!! ylbge!!!! sbtywbhvh!!!!!!!! nysjx!! chl!&quot;)" methodname="NoYellingTestRandom" classname="Open_Lab_05._02.Tests" runstate="Runnable" seed="1678503761" result="Passed" start-time="2021-12-27 20:50:26Z" end-time="2021-12-27 20:50:26Z" duration="0.000083" asserts="1" />
            <test-case id="1026" name="NoYellingTestRandom(&quot;xdpgtabpi!!!!!!! nnqyxvrzp! qpow!!!!&quot;,&quot;xdpgtabpi!!!!!!! nnqyxvrzp! qpow!&quot;)" fullname="Open_Lab_05._02.Tests.NoYellingTestRandom(&quot;xdpgtabpi!!!!!!! nnqyxvrzp! qpow!!!!&quot;,&quot;xdpgtabpi!!!!!!! nnqyxvrzp! qpow!&quot;)" methodname="NoYellingTestRandom" classname="Open_Lab_05._02.Tests" runstate="Runnable" seed="996635488" result="Passed" start-time="2021-12-27 20:50:26Z" end-time="2021-12-27 20:50:26Z" duration="0.000068" asserts="1" />
            <test-case id="1027" name="NoYellingTestRandom(&quot;kmsxeyx pojdypwh ryekp kgmmnas jzayijpjs gc..&quot;,&quot;kmsxeyx pojdypwh ryekp kgmmnas jzayijpjs gc..&quot;)" fullname="Open_Lab_05._02.Tests.NoYellingTestRandom(&quot;kmsxeyx pojdypwh ryekp kgmmnas jzayijpjs gc..&quot;,&quot;kmsxeyx pojdypwh ryekp kgmmnas jzayijpjs gc..&quot;)" methodname="NoYellingTestRandom" classname="Open_Lab_05._02.Tests" runstate="Runnable" seed="130234884" result="Passed" start-time="2021-12-27 20:50:26Z" end-time="2021-12-27 20:50:26Z" duration="0.000072" asserts="1" />
            <test-case id="1028" name="NoYellingTestRandom(&quot;thdfs!!!!!!!! uyhrslksxr!! xqoyvhgdfj!! ucqtso!!!!!!!! cvdkcyrg!!!!!! ilqhlff!!!!!&quot;,&quot;thdfs!!!!!!!! uyhrslksxr!! xqoyvhgdfj!! ucqtso!!!!!!!! cvdkcyrg!!!!!! ilqhlff!&quot;)" fullname="Open_Lab_05._02.Tests.NoYellingTestRandom(&quot;thdfs!!!!!!!! uyhrslksxr!! xqoyvhgdfj!! ucqtso!!!!!!!! cvdkcyrg!!!!!! ilqhlff!!!!!&quot;,&quot;thdfs!!!!!!!! uyhrslksxr!! xqoyvhgdfj!! ucqtso!!!!!!!! cvdkcyrg!!!!!! ilqhlff!&quot;)" methodname="NoYellingTestRandom" classname="Open_Lab_05._02.Tests" runstate="Runnable" seed="1157429375" result="Passed" start-time="2021-12-27 20:50:26Z" end-time="2021-12-27 20:50:26Z" duration="0.000104" asserts="1" />
            <test-case id="1029" name="NoYellingTestRandom(&quot;luzlmmwpvq izibcmdvxq mt en.&quot;,&quot;luzlmmwpvq izibcmdvxq mt en.&quot;)" fullname="Open_Lab_05._02.Tests.NoYellingTestRandom(&quot;luzlmmwpvq izibcmdvxq mt en.&quot;,&quot;luzlmmwpvq izibcmdvxq mt en.&quot;)" methodname="NoYellingTestRandom" classname="Open_Lab_05._02.Tests" runstate="Runnable" seed="524290880" result="Passed" start-time="2021-12-27 20:50:26Z" end-time="2021-12-27 20:50:26Z" duration="0.000061" asserts="1" />
            <test-case id="1030" name="NoYellingTestRandom(&quot;htfhws!!!! bbkzmzlhgj!!!!!! nkhlhgkl! zkcq!!!! ct!!! fgvo!!!!!!!&quot;,&quot;htfhws!!!! bbkzmzlhgj!!!!!! nkhlhgkl! zkcq!!!! ct!!! fgvo!&quot;)" fullname="Open_Lab_05._02.Tests.NoYellingTestRandom(&quot;htfhws!!!! bbkzmzlhgj!!!!!! nkhlhgkl! zkcq!!!! ct!!! fgvo!!!!!!!&quot;,&quot;htfhws!!!! bbkzmzlhgj!!!!!! nkhlhgkl! zkcq!!!! ct!!! fgvo!&quot;)" methodname="NoYellingTestRandom" classname="Open_Lab_05._02.Tests" runstate="Runnable" seed="373807409" result="Passed" start-time="2021-12-27 20:50:26Z" end-time="2021-12-27 20:50:26Z" duration="0.000077" asserts="1" />
            <test-case id="1031" name="NoYellingTestRandom(&quot;owgh! wwmtaqim!!!!! cawv!!!!!!! fmdywgosvu!! xlcrsqtetj!!!! lszclpql!!!!!!&quot;,&quot;owgh! wwmtaqim!!!!! cawv!!!!!!! fmdywgosvu!! xlcrsqtetj!!!! lszclpql!&quot;)" fullname="Open_Lab_05._02.Tests.NoYellingTestRandom(&quot;owgh! wwmtaqim!!!!! cawv!!!!!!! fmdywgosvu!! xlcrsqtetj!!!! lszclpql!!!!!!&quot;,&quot;owgh! wwmtaqim!!!!! cawv!!!!!!! fmdywgosvu!! xlcrsqtetj!!!! lszclpql!&quot;)" methodname="NoYellingTestRandom" classname="Open_Lab_05._02.Tests" runstate="Runnable" seed="792906273" result="Passed" start-time="2021-12-27 20:50:26Z" end-time="2021-12-27 20:50:26Z" duration="0.000065" asserts="1" />
            <test-case id="1032" name="NoYellingTestRandom(&quot;dtpphtyg!!!!!!!!&quot;,&quot;dtpphtyg!&quot;)" fullname="Open_Lab_05._02.Tests.NoYellingTestRandom(&quot;dtpphtyg!!!!!!!!&quot;,&quot;dtpphtyg!&quot;)" methodname="NoYellingTestRandom" classname="Open_Lab_05._02.Tests" runstate="Runnable" seed="641833319" result="Passed" start-time="2021-12-27 20:50:26Z" end-time="2021-12-27 20:50:26Z" duration="0.000079" asserts="1" />
            <test-case id="1033" name="NoYellingTestRandom(&quot;qkhfbtl???????? nndhmhgdn??????? thoy????? wa?? zmddm????? kj???&quot;,&quot;qkhfbtl???????? nndhmhgdn??????? thoy????? wa?? zmddm????? kj?&quot;)" fullname="Open_Lab_05._02.Tests.NoYellingTestRandom(&quot;qkhfbtl???????? nndhmhgdn??????? thoy????? wa?? zmddm????? kj???&quot;,&quot;qkhfbtl???????? nndhmhgdn??????? thoy????? wa?? zmddm????? kj?&quot;)" methodname="NoYellingTestRandom" classname="Open_Lab_05._02.Tests" runstate="Runnable" seed="8731392" result="Passed" start-time="2021-12-27 20:50:26Z" end-time="2021-12-27 20:50:26Z" duration="0.000078" asserts="1" />
            <test-case id="1034" name="NoYellingTestRandom(&quot;qglivmrcd? ciwjexxl? naadz??? seyq?????????&quot;,&quot;qglivmrcd? ciwjexxl? naadz??? seyq?&quot;)" fullname="Open_Lab_05._02.Tests.NoYellingTestRandom(&quot;qglivmrcd? ciwjexxl? naadz??? seyq?????????&quot;,&quot;qglivmrcd? ciwjexxl? naadz??? seyq?&quot;)" methodname="NoYellingTestRandom" classname="Open_Lab_05._02.Tests" runstate="Runnable" seed="1762467900" result="Passed" start-time="2021-12-27 20:50:26Z" end-time="2021-12-27 20:50:26Z" duration="0.000068" asserts="1" />
            <test-case id="1035" name="NoYellingTestRandom(&quot;sqvaotkvuc de gllmkucfke gtjyuleby obwxrvr ycwb mt enmumf hzaxzrx..&quot;,&quot;sqvaotkvuc de gllmkucfke gtjyuleby obwxrvr ycwb mt enmumf hzaxzrx..&quot;)" fullname="Open_Lab_05._02.Tests.NoYellingTestRandom(&quot;sqvaotkvuc de gllmkucfke gtjyuleby obwxrvr ycwb mt enmumf hzaxzrx..&quot;,&quot;sqvaotkvuc de gllmkucfke gtjyuleby obwxrvr ycwb mt enmumf hzaxzrx..&quot;)" methodname="NoYellingTestRandom" classname="Open_Lab_05._02.Tests" runstate="Runnable" seed="1668757761" result="Passed" start-time="2021-12-27 20:50:26Z" end-time="2021-12-27 20:50:26Z" duration="0.000077" asserts="1" />
            <test-case id="1036" name="NoYellingTestRandom(&quot;jpos.......&quot;,&quot;jpos.......&quot;)" fullname="Open_Lab_05._02.Tests.NoYellingTestRandom(&quot;jpos.......&quot;,&quot;jpos.......&quot;)" methodname="NoYellingTestRandom" classname="Open_Lab_05._02.Tests" runstate="Runnable" seed="1723320543" result="Passed" start-time="2021-12-27 20:50:26Z" end-time="2021-12-27 20:50:26Z" duration="0.000063" asserts="1" />
            <test-case id="1037" name="NoYellingTestRandom(&quot;czfsxfhhrp!!!!! ikr!! uughetv!!!!!!! jwpumkns!!!!!!! chdrsk!! ccjy!!!!! aeqrfxfkzd!!!!!!!!! rwctrpwmm!!!! coxyh!!!!!!!&quot;,&quot;czfsxfhhrp!!!!! ikr!! uughetv!!!!!!! jwpumkns!!!!!!! chdrsk!! ccjy!!!!! aeqrfxfkzd!!!!!!!!! rwctrpwmm!!!! coxyh!&quot;)" fullname="Open_Lab_05._02.Tests.NoYellingTestRandom(&quot;czfsxfhhrp!!!!! ikr!! uughetv!!!!!!! jwpumkns!!!!!!! chdrsk!! ccjy!!!!! aeqrfxfkzd!!!!!!!!! rwctrpwmm!!!! coxyh!!!!!!!&quot;,&quot;czfsxfhhrp!!!!! ikr!! uughetv!!!!!!! jwpumkns!!!!!!! chdrsk!! ccjy!!!!! aeqrfxfkzd!!!!!!!!! rwctrpwmm!!!! coxyh!&quot;)" methodname="NoYellingTestRandom" classname="Open_Lab_05._02.Tests" runstate="Runnable" seed="105061904" result="Passed" start-time="2021-12-27 20:50:26Z" end-time="2021-12-27 20:50:26Z" duration="0.000074" asserts="1" />
            <test-case id="1038" name="NoYellingTestRandom(&quot;yptit!!!! qzshzvhsj!!!!! ltcmm!!! ndiyyri!!!!! mccuzvdg!!!! dsghep!!!!!!!! fqilddwgse!!!!&quot;,&quot;yptit!!!! qzshzvhsj!!!!! ltcmm!!! ndiyyri!!!!! mccuzvdg!!!! dsghep!!!!!!!! fqilddwgse!&quot;)" fullname="Open_Lab_05._02.Tests.NoYellingTestRandom(&quot;yptit!!!! qzshzvhsj!!!!! ltcmm!!! ndiyyri!!!!! mccuzvdg!!!! dsghep!!!!!!!! fqilddwgse!!!!&quot;,&quot;yptit!!!! qzshzvhsj!!!!! ltcmm!!! ndiyyri!!!!! mccuzvdg!!!! dsghep!!!!!!!! fqilddwgse!&quot;)" methodname="NoYellingTestRandom" classname="Open_Lab_05._02.Tests" runstate="Runnable" seed="1111773606" result="Passed" start-time="2021-12-27 20:50:26Z" end-time="2021-12-27 20:50:26Z" duration="0.000075" asserts="1" />
            <test-case id="1039" name="NoYellingTestRandom(&quot;zg upgpi qvzsmug djagccdaz ytdyomtdlw piibqz lrbzxa.....&quot;,&quot;zg upgpi qvzsmug djagccdaz ytdyomtdlw piibqz lrbzxa.....&quot;)" fullname="Open_Lab_05._02.Tests.NoYellingTestRandom(&quot;zg upgpi qvzsmug djagccdaz ytdyomtdlw piibqz lrbzxa.....&quot;,&quot;zg upgpi qvzsmug djagccdaz ytdyomtdlw piibqz lrbzxa.....&quot;)" methodname="NoYellingTestRandom" classname="Open_Lab_05._02.Tests" runstate="Runnable" seed="1149677210" result="Passed" start-time="2021-12-27 20:50:26Z" end-time="2021-12-27 20:50:26Z" duration="0.000080" asserts="1" />
            <test-case id="1040" name="NoYellingTestRandom(&quot;wehuqiqpm hnyiikio fm......&quot;,&quot;wehuqiqpm hnyiikio fm......&quot;)" fullname="Open_Lab_05._02.Tests.NoYellingTestRandom(&quot;wehuqiqpm hnyiikio fm......&quot;,&quot;wehuqiqpm hnyiikio fm......&quot;)" methodname="NoYellingTestRandom" classname="Open_Lab_05._02.Tests" runstate="Runnable" seed="2066383867" result="Passed" start-time="2021-12-27 20:50:26Z" end-time="2021-12-27 20:50:26Z" duration="0.000077" asserts="1" />
            <test-case id="1041" name="NoYellingTestRandom(&quot;hwtfyg!!!!!&quot;,&quot;hwtfyg!&quot;)" fullname="Open_Lab_05._02.Tests.NoYellingTestRandom(&quot;hwtfyg!!!!!&quot;,&quot;hwtfyg!&quot;)" methodname="NoYellingTestRandom" classname="Open_Lab_05._02.Tests" runstate="Runnable" seed="902323091" result="Passed" start-time="2021-12-27 20:50:26Z" end-time="2021-12-27 20:50:26Z" duration="0.000077" asserts="1" />
            <test-case id="1042" name="NoYellingTestRandom(&quot;osya??? dhfymisp????? gjokbq????? auvg? bzbbvqqa?&quot;,&quot;osya??? dhfymisp????? gjokbq????? auvg? bzbbvqqa?&quot;)" fullname="Open_Lab_05._02.Tests.NoYellingTestRandom(&quot;osya??? dhfymisp????? gjokbq????? auvg? bzbbvqqa?&quot;,&quot;osya??? dhfymisp????? gjokbq????? auvg? bzbbvqqa?&quot;)" methodname="NoYellingTestRandom" classname="Open_Lab_05._02.Tests" runstate="Runnable" seed="1403936892" result="Passed" start-time="2021-12-27 20:50:26Z" end-time="2021-12-27 20:50:26Z" duration="0.000079" asserts="1" />
            <test-case id="1043" name="NoYellingTestRandom(&quot;lpbyd???????? mac??????? gymvz???????? woexmgrtyv?????? vbgf???? bqrphaz? vxduabd?? grpsmk??? usowztvu??????&quot;,&quot;lpbyd???????? mac??????? gymvz???????? woexmgrtyv?????? vbgf???? bqrphaz? vxduabd?? grpsmk??? usowztvu?&quot;)" fullname="Open_Lab_05._02.Tests.NoYellingTestRandom(&quot;lpbyd???????? mac??????? gymvz???????? woexmgrtyv?????? vbgf???? bqrphaz? vxduabd?? grpsmk??? usowztvu??????&quot;,&quot;lpbyd???????? mac??????? gymvz???????? woexmgrtyv?????? vbgf???? bqrphaz? vxduabd?? grpsmk??? usowztvu?&quot;)" methodname="NoYellingTestRandom" classname="Open_Lab_05._02.Tests" runstate="Runnable" seed="750099810" result="Passed" start-time="2021-12-27 20:50:26Z" end-time="2021-12-27 20:50:26Z" duration="0.000076" asserts="1" />
            <test-case id="1044" name="NoYellingTestRandom(&quot;hgexwcvwub iro yy jdhvqg aiwd acuf zct pqnypojx uwho.........&quot;,&quot;hgexwcvwub iro yy jdhvqg aiwd acuf zct pqnypojx uwho.........&quot;)" fullname="Open_Lab_05._02.Tests.NoYellingTestRandom(&quot;hgexwcvwub iro yy jdhvqg aiwd acuf zct pqnypojx uwho.........&quot;,&quot;hgexwcvwub iro yy jdhvqg aiwd acuf zct pqnypojx uwho.........&quot;)" methodname="NoYellingTestRandom" classname="Open_Lab_05._02.Tests" runstate="Runnable" seed="200665319" result="Passed" start-time="2021-12-27 20:50:26Z" end-time="2021-12-27 20:50:26Z" duration="0.000063" asserts="1" />
            <test-case id="1045" name="NoYellingTestRandom(&quot;yqvtzs!!!!!! comkav!&quot;,&quot;yqvtzs!!!!!! comkav!&quot;)" fullname="Open_Lab_05._02.Tests.NoYellingTestRandom(&quot;yqvtzs!!!!!! comkav!&quot;,&quot;yqvtzs!!!!!! comkav!&quot;)" methodname="NoYellingTestRandom" classname="Open_Lab_05._02.Tests" runstate="Runnable" seed="1496634606" result="Passed" start-time="2021-12-27 20:50:26Z" end-time="2021-12-27 20:50:26Z" duration="0.000078" asserts="1" />
            <test-case id="1046" name="NoYellingTestRandom(&quot;txbrxdbw????? snros????&quot;,&quot;txbrxdbw????? snros?&quot;)" fullname="Open_Lab_05._02.Tests.NoYellingTestRandom(&quot;txbrxdbw????? snros????&quot;,&quot;txbrxdbw????? snros?&quot;)" methodname="NoYellingTestRandom" classname="Open_Lab_05._02.Tests" runstate="Runnable" seed="1128153051" result="Passed" start-time="2021-12-27 20:50:26Z" end-time="2021-12-27 20:50:26Z" duration="0.000092" asserts="1" />
            <test-case id="1047" name="NoYellingTestRandom(&quot;wvr lomvkwyzr uqxoog scjbioxy.......&quot;,&quot;wvr lomvkwyzr uqxoog scjbioxy.......&quot;)" fullname="Open_Lab_05._02.Tests.NoYellingTestRandom(&quot;wvr lomvkwyzr uqxoog scjbioxy.......&quot;,&quot;wvr lomvkwyzr uqxoog scjbioxy.......&quot;)" methodname="NoYellingTestRandom" classname="Open_Lab_05._02.Tests" runstate="Runnable" seed="1478386521" result="Passed" start-time="2021-12-27 20:50:26Z" end-time="2021-12-27 20:50:26Z" duration="0.000419" asserts="1" />
            <test-case id="1048" name="NoYellingTestRandom(&quot;xyvzlme! ex!!!!!!! etaqe!!!!!!! jedokkgxx!!!!!!!!! iipqwu!! bbrzneahdv! nutstvgob!!!&quot;,&quot;xyvzlme! ex!!!!!!! etaqe!!!!!!! jedokkgxx!!!!!!!!! iipqwu!! bbrzneahdv! nutstvgob!&quot;)" fullname="Open_Lab_05._02.Tests.NoYellingTestRandom(&quot;xyvzlme! ex!!!!!!! etaqe!!!!!!! jedokkgxx!!!!!!!!! iipqwu!! bbrzneahdv! nutstvgob!!!&quot;,&quot;xyvzlme! ex!!!!!!! etaqe!!!!!!! jedokkgxx!!!!!!!!! iipqwu!! bbrzneahdv! nutstvgob!&quot;)" methodname="NoYellingTestRandom" classname="Open_Lab_05._02.Tests" runstate="Runnable" seed="2027626116" result="Passed" start-time="2021-12-27 20:50:26Z" end-time="2021-12-27 20:50:26Z" duration="0.000153" asserts="1" />
            <test-case id="1049" name="NoYellingTestRandom(&quot;gap ox..&quot;,&quot;gap ox..&quot;)" fullname="Open_Lab_05._02.Tests.NoYellingTestRandom(&quot;gap ox..&quot;,&quot;gap ox..&quot;)" methodname="NoYellingTestRandom" classname="Open_Lab_05._02.Tests" runstate="Runnable" seed="1338002443" result="Passed" start-time="2021-12-27 20:50:26Z" end-time="2021-12-27 20:50:26Z" duration="0.000129" asserts="1" />
            <test-case id="1050" name="NoYellingTestRandom(&quot;vr??????? kkc?????? bfr?&quot;,&quot;vr??????? kkc?????? bfr?&quot;)" fullname="Open_Lab_05._02.Tests.NoYellingTestRandom(&quot;vr??????? kkc?????? bfr?&quot;,&quot;vr??????? kkc?????? bfr?&quot;)" methodname="NoYellingTestRandom" classname="Open_Lab_05._02.Tests" runstate="Runnable" seed="1001986514" result="Passed" start-time="2021-12-27 20:50:26Z" end-time="2021-12-27 20:50:26Z" duration="0.000093" asserts="1" />
            <test-case id="1051" name="NoYellingTestRandom(&quot;ankawuntnp!!!!!!!! oyqolaxanf!! zcecaiblg!! sibxaem!!!!!!!! lx!!!!!!!!&quot;,&quot;ankawuntnp!!!!!!!! oyqolaxanf!! zcecaiblg!! sibxaem!!!!!!!! lx!&quot;)" fullname="Open_Lab_05._02.Tests.NoYellingTestRandom(&quot;ankawuntnp!!!!!!!! oyqolaxanf!! zcecaiblg!! sibxaem!!!!!!!! lx!!!!!!!!&quot;,&quot;ankawuntnp!!!!!!!! oyqolaxanf!! zcecaiblg!! sibxaem!!!!!!!! lx!&quot;)" methodname="NoYellingTestRandom" classname="Open_Lab_05._02.Tests" runstate="Runnable" seed="1931778517" result="Passed" start-time="2021-12-27 20:50:26Z" end-time="2021-12-27 20:50:26Z" duration="0.000196" asserts="1" />
            <test-case id="1052" name="NoYellingTestRandom(&quot;qfnsw vrgau kseonxx yg cwwbe bn.......&quot;,&quot;qfnsw vrgau kseonxx yg cwwbe bn.......&quot;)" fullname="Open_Lab_05._02.Tests.NoYellingTestRandom(&quot;qfnsw vrgau kseonxx yg cwwbe bn.......&quot;,&quot;qfnsw vrgau kseonxx yg cwwbe bn.......&quot;)" methodname="NoYellingTestRandom" classname="Open_Lab_05._02.Tests" runstate="Runnable" seed="987530019" result="Passed" start-time="2021-12-27 20:50:26Z" end-time="2021-12-27 20:50:26Z" duration="0.000124" asserts="1" />
            <test-case id="1053" name="NoYellingTestRandom(&quot;ntkib?? bd? txgxa??????? mkwkvzh? nygqsjb?????? np??????? ei????????? cigwvbwxfy????? xkak??&quot;,&quot;ntkib?? bd? txgxa??????? mkwkvzh? nygqsjb?????? np??????? ei????????? cigwvbwxfy????? xkak?&quot;)" fullname="Open_Lab_05._02.Tests.NoYellingTestRandom(&quot;ntkib?? bd? txgxa??????? mkwkvzh? nygqsjb?????? np??????? ei????????? cigwvbwxfy????? xkak??&quot;,&quot;ntkib?? bd? txgxa??????? mkwkvzh? nygqsjb?????? np??????? ei????????? cigwvbwxfy????? xkak?&quot;)" methodname="NoYellingTestRandom" classname="Open_Lab_05._02.Tests" runstate="Runnable" seed="1884379000" result="Passed" start-time="2021-12-27 20:50:26Z" end-time="2021-12-27 20:50:26Z" duration="0.000092" asserts="1" />
            <test-case id="1054" name="NoYellingTestRandom(&quot;ta!!!!!!!!! fdmbb!!!!!!!! nljwyks!!! ktmkuxwd!!!!!!!! mqgbscx!!!!!!&quot;,&quot;ta!!!!!!!!! fdmbb!!!!!!!! nljwyks!!! ktmkuxwd!!!!!!!! mqgbscx!&quot;)" fullname="Open_Lab_05._02.Tests.NoYellingTestRandom(&quot;ta!!!!!!!!! fdmbb!!!!!!!! nljwyks!!! ktmkuxwd!!!!!!!! mqgbscx!!!!!!&quot;,&quot;ta!!!!!!!!! fdmbb!!!!!!!! nljwyks!!! ktmkuxwd!!!!!!!! mqgbscx!&quot;)" methodname="NoYellingTestRandom" classname="Open_Lab_05._02.Tests" runstate="Runnable" seed="355954885" result="Passed" start-time="2021-12-27 20:50:26Z" end-time="2021-12-27 20:50:26Z" duration="0.000097" asserts="1" />
            <test-case id="1055" name="NoYellingTestRandom(&quot;vvrstrnn!!!!!! sv! ana!!!!! gj!!!&quot;,&quot;vvrstrnn!!!!!! sv! ana!!!!! gj!&quot;)" fullname="Open_Lab_05._02.Tests.NoYellingTestRandom(&quot;vvrstrnn!!!!!! sv! ana!!!!! gj!!!&quot;,&quot;vvrstrnn!!!!!! sv! ana!!!!! gj!&quot;)" methodname="NoYellingTestRandom" classname="Open_Lab_05._02.Tests" runstate="Runnable" seed="2092975594" result="Passed" start-time="2021-12-27 20:50:26Z" end-time="2021-12-27 20:50:26Z" duration="0.000188" asserts="1" />
            <test-case id="1056" name="NoYellingTestRandom(&quot;gj!!!!!! bycahpxv!!!!!!!! fipmqtub! oxjhlfi!!!!!!! bmiws!!!!!!&quot;,&quot;gj!!!!!! bycahpxv!!!!!!!! fipmqtub! oxjhlfi!!!!!!! bmiws!&quot;)" fullname="Open_Lab_05._02.Tests.NoYellingTestRandom(&quot;gj!!!!!! bycahpxv!!!!!!!! fipmqtub! oxjhlfi!!!!!!! bmiws!!!!!!&quot;,&quot;gj!!!!!! bycahpxv!!!!!!!! fipmqtub! oxjhlfi!!!!!!! bmiws!&quot;)" methodname="NoYellingTestRandom" classname="Open_Lab_05._02.Tests" runstate="Runnable" seed="1749922054" result="Passed" start-time="2021-12-27 20:50:26Z" end-time="2021-12-27 20:50:26Z" duration="0.000086" asserts="1" />
            <test-case id="1057" name="NoYellingTestRandom(&quot;xycsiad........&quot;,&quot;xycsiad........&quot;)" fullname="Open_Lab_05._02.Tests.NoYellingTestRandom(&quot;xycsiad........&quot;,&quot;xycsiad........&quot;)" methodname="NoYellingTestRandom" classname="Open_Lab_05._02.Tests" runstate="Runnable" seed="1661960245" result="Passed" start-time="2021-12-27 20:50:26Z" end-time="2021-12-27 20:50:26Z" duration="0.000085" asserts="1" />
            <test-case id="1058" name="NoYellingTestRandom(&quot;jv??????? zgdo???????? cgngpowmx?????? czdqpv?????? emmhqfg???? wlxm????? urplsmgmw?? gwbejkn?? cqz??????&quot;,&quot;jv??????? zgdo???????? cgngpowmx?????? czdqpv?????? emmhqfg???? wlxm????? urplsmgmw?? gwbejkn?? cqz?&quot;)" fullname="Open_Lab_05._02.Tests.NoYellingTestRandom(&quot;jv??????? zgdo???????? cgngpowmx?????? czdqpv?????? emmhqfg???? wlxm????? urplsmgmw?? gwbejkn?? cqz??????&quot;,&quot;jv??????? zgdo???????? cgngpowmx?????? czdqpv?????? emmhqfg???? wlxm????? urplsmgmw?? gwbejkn?? cqz?&quot;)" methodname="NoYellingTestRandom" classname="Open_Lab_05._02.Tests" runstate="Runnable" seed="1846900226" result="Passed" start-time="2021-12-27 20:50:26Z" end-time="2021-12-27 20:50:26Z" duration="0.000087" asserts="1" />
            <test-case id="1059" name="NoYellingTestRandom(&quot;hjplo gui akxwyaptly einbk fcer kifwwlab bsfjapisba czca....&quot;,&quot;hjplo gui akxwyaptly einbk fcer kifwwlab bsfjapisba czca....&quot;)" fullname="Open_Lab_05._02.Tests.NoYellingTestRandom(&quot;hjplo gui akxwyaptly einbk fcer kifwwlab bsfjapisba czca....&quot;,&quot;hjplo gui akxwyaptly einbk fcer kifwwlab bsfjapisba czca....&quot;)" methodname="NoYellingTestRandom" classname="Open_Lab_05._02.Tests" runstate="Runnable" seed="993459670" result="Passed" start-time="2021-12-27 20:50:26Z" end-time="2021-12-27 20:50:26Z" duration="0.000068" asserts="1" />
            <test-case id="1060" name="NoYellingTestRandom(&quot;are!!!!!!!!&quot;,&quot;are!&quot;)" fullname="Open_Lab_05._02.Tests.NoYellingTestRandom(&quot;are!!!!!!!!&quot;,&quot;are!&quot;)" methodname="NoYellingTestRandom" classname="Open_Lab_05._02.Tests" runstate="Runnable" seed="1121363306" result="Passed" start-time="2021-12-27 20:50:26Z" end-time="2021-12-27 20:50:26Z" duration="0.000100" asserts="1" />
            <test-case id="1061" name="NoYellingTestRandom(&quot;prbdeskzhm dau bdlhhidvua.....&quot;,&quot;prbdeskzhm dau bdlhhidvua.....&quot;)" fullname="Open_Lab_05._02.Tests.NoYellingTestRandom(&quot;prbdeskzhm dau bdlhhidvua.....&quot;,&quot;prbdeskzhm dau bdlhhidvua.....&quot;)" methodname="NoYellingTestRandom" classname="Open_Lab_05._02.Tests" runstate="Runnable" seed="1701978394" result="Passed" start-time="2021-12-27 20:50:26Z" end-time="2021-12-27 20:50:26Z" duration="0.000075" asserts="1" />
            <test-case id="1062" name="NoYellingTestRandom(&quot;koybaarqxw adrqxy jynpa arhofjdvg xx czu wdhx qnyw..&quot;,&quot;koybaarqxw adrqxy jynpa arhofjdvg xx czu wdhx qnyw..&quot;)" fullname="Open_Lab_05._02.Tests.NoYellingTestRandom(&quot;koybaarqxw adrqxy jynpa arhofjdvg xx czu wdhx qnyw..&quot;,&quot;koybaarqxw adrqxy jynpa arhofjdvg xx czu wdhx qnyw..&quot;)" methodname="NoYellingTestRandom" classname="Open_Lab_05._02.Tests" runstate="Runnable" seed="1047047583" result="Passed" start-time="2021-12-27 20:50:26Z" end-time="2021-12-27 20:50:26Z" duration="0.000086" asserts="1" />
            <test-case id="1063" name="NoYellingTestRandom(&quot;uoc!!!!! tc!!!! srtdus!!!!!! kprqmsxt!!!!!!!! bgmmia!!!!!! jccqael!&quot;,&quot;uoc!!!!! tc!!!! srtdus!!!!!! kprqmsxt!!!!!!!! bgmmia!!!!!! jccqael!&quot;)" fullname="Open_Lab_05._02.Tests.NoYellingTestRandom(&quot;uoc!!!!! tc!!!! srtdus!!!!!! kprqmsxt!!!!!!!! bgmmia!!!!!! jccqael!&quot;,&quot;uoc!!!!! tc!!!! srtdus!!!!!! kprqmsxt!!!!!!!! bgmmia!!!!!! jccqael!&quot;)" methodname="NoYellingTestRandom" classname="Open_Lab_05._02.Tests" runstate="Runnable" seed="83664054" result="Passed" start-time="2021-12-27 20:50:26Z" end-time="2021-12-27 20:50:26Z" duration="0.000072" asserts="1" />
            <test-case id="1064" name="NoYellingTestRandom(&quot;bvuf!!!!! xn!!! vfhvcbecg!!! osjpt!!!!!!! nexdrflv!!!!! lfkn!&quot;,&quot;bvuf!!!!! xn!!! vfhvcbecg!!! osjpt!!!!!!! nexdrflv!!!!! lfkn!&quot;)" fullname="Open_Lab_05._02.Tests.NoYellingTestRandom(&quot;bvuf!!!!! xn!!! vfhvcbecg!!! osjpt!!!!!!! nexdrflv!!!!! lfkn!&quot;,&quot;bvuf!!!!! xn!!! vfhvcbecg!!! osjpt!!!!!!! nexdrflv!!!!! lfkn!&quot;)" methodname="NoYellingTestRandom" classname="Open_Lab_05._02.Tests" runstate="Runnable" seed="924073626" result="Passed" start-time="2021-12-27 20:50:26Z" end-time="2021-12-27 20:50:26Z" duration="0.000084" asserts="1" />
            <test-case id="1065" name="NoYellingTestRandom(&quot;uvycgn????????? umdkq???????? jzql????? cjgueray????? xvsy???????? kyjuukyrwk?????? bnb???????&quot;,&quot;uvycgn????????? umdkq???????? jzql????? cjgueray????? xvsy???????? kyjuukyrwk?????? bnb?&quot;)" fullname="Open_Lab_05._02.Tests.NoYellingTestRandom(&quot;uvycgn????????? umdkq???????? jzql????? cjgueray????? xvsy???????? kyjuukyrwk?????? bnb???????&quot;,&quot;uvycgn????????? umdkq???????? jzql????? cjgueray????? xvsy???????? kyjuukyrwk?????? bnb?&quot;)" methodname="NoYellingTestRandom" classname="Open_Lab_05._02.Tests" runstate="Runnable" seed="1598495455" result="Passed" start-time="2021-12-27 20:50:26Z" end-time="2021-12-27 20:50:26Z" duration="0.000093" asserts="1" />
            <test-case id="1066" name="NoYellingTestRandom(&quot;lricw??????? prfo????????? otpsbxsskp???? oixstpaifm???????&quot;,&quot;lricw??????? prfo????????? otpsbxsskp???? oixstpaifm?&quot;)" fullname="Open_Lab_05._02.Tests.NoYellingTestRandom(&quot;lricw??????? prfo????????? otpsbxsskp???? oixstpaifm???????&quot;,&quot;lricw??????? prfo????????? otpsbxsskp???? oixstpaifm?&quot;)" methodname="NoYellingTestRandom" classname="Open_Lab_05._02.Tests" runstate="Runnable" seed="1185898668" result="Passed" start-time="2021-12-27 20:50:26Z" end-time="2021-12-27 20:50:26Z" duration="0.000395" asserts="1" />
            <test-case id="1067" name="NoYellingTestRandom(&quot;nmxvhmhnt hyj xraa ki zzwx opdbvmv lvxcdq ufqu drfmv...&quot;,&quot;nmxvhmhnt hyj xraa ki zzwx opdbvmv lvxcdq ufqu drfmv...&quot;)" fullname="Open_Lab_05._02.Tests.NoYellingTestRandom(&quot;nmxvhmhnt hyj xraa ki zzwx opdbvmv lvxcdq ufqu drfmv...&quot;,&quot;nmxvhmhnt hyj xraa ki zzwx opdbvmv lvxcdq ufqu drfmv...&quot;)" methodname="NoYellingTestRandom" classname="Open_Lab_05._02.Tests" runstate="Runnable" seed="210719912" result="Passed" start-time="2021-12-27 20:50:26Z" end-time="2021-12-27 20:50:26Z" duration="0.000208" asserts="1" />
            <test-case id="1068" name="NoYellingTestRandom(&quot;xykv!!!!! pbllntmv!!!!!!!!! ztc!!!!!!!!! ibmilx!!!!!!!! auihyxyshy!!!!!! dfjw!! vcowyl!!!!!!&quot;,&quot;xykv!!!!! pbllntmv!!!!!!!!! ztc!!!!!!!!! ibmilx!!!!!!!! auihyxyshy!!!!!! dfjw!! vcowyl!&quot;)" fullname="Open_Lab_05._02.Tests.NoYellingTestRandom(&quot;xykv!!!!! pbllntmv!!!!!!!!! ztc!!!!!!!!! ibmilx!!!!!!!! auihyxyshy!!!!!! dfjw!! vcowyl!!!!!!&quot;,&quot;xykv!!!!! pbllntmv!!!!!!!!! ztc!!!!!!!!! ibmilx!!!!!!!! auihyxyshy!!!!!! dfjw!! vcowyl!&quot;)" methodname="NoYellingTestRandom" classname="Open_Lab_05._02.Tests" runstate="Runnable" seed="235513189" result="Passed" start-time="2021-12-27 20:50:26Z" end-time="2021-12-27 20:50:26Z" duration="0.000116" asserts="1" />
            <test-case id="1069" name="NoYellingTestRandom(&quot;xmharlk????????? mnyefrv?? rdspuubv??? vw?? iauuqin??? srbdxxie???????? kbl???????&quot;,&quot;xmharlk????????? mnyefrv?? rdspuubv??? vw?? iauuqin??? srbdxxie???????? kbl?&quot;)" fullname="Open_Lab_05._02.Tests.NoYellingTestRandom(&quot;xmharlk????????? mnyefrv?? rdspuubv??? vw?? iauuqin??? srbdxxie???????? kbl???????&quot;,&quot;xmharlk????????? mnyefrv?? rdspuubv??? vw?? iauuqin??? srbdxxie???????? kbl?&quot;)" methodname="NoYellingTestRandom" classname="Open_Lab_05._02.Tests" runstate="Runnable" seed="1925781692" result="Passed" start-time="2021-12-27 20:50:26Z" end-time="2021-12-27 20:50:26Z" duration="0.000089" asserts="1" />
            <test-case id="1070" name="NoYellingTestRandom(&quot;nywkgvix ekxf......&quot;,&quot;nywkgvix ekxf......&quot;)" fullname="Open_Lab_05._02.Tests.NoYellingTestRandom(&quot;nywkgvix ekxf......&quot;,&quot;nywkgvix ekxf......&quot;)" methodname="NoYellingTestRandom" classname="Open_Lab_05._02.Tests" runstate="Runnable" seed="41667574" result="Passed" start-time="2021-12-27 20:50:26Z" end-time="2021-12-27 20:50:26Z" duration="0.000104" asserts="1" />
            <test-case id="1071" name="NoYellingTestRandom(&quot;aysrexszsf???? xvm?? jr? wjev????? xhyg???????&quot;,&quot;aysrexszsf???? xvm?? jr? wjev????? xhyg?&quot;)" fullname="Open_Lab_05._02.Tests.NoYellingTestRandom(&quot;aysrexszsf???? xvm?? jr? wjev????? xhyg???????&quot;,&quot;aysrexszsf???? xvm?? jr? wjev????? xhyg?&quot;)" methodname="NoYellingTestRandom" classname="Open_Lab_05._02.Tests" runstate="Runnable" seed="1671032412" result="Passed" start-time="2021-12-27 20:50:26Z" end-time="2021-12-27 20:50:26Z" duration="0.000087" asserts="1" />
            <test-case id="1072" name="NoYellingTestRandom(&quot;fj wuyrgddtdr yuccc udpowweu tzmcvpdd tqhs......&quot;,&quot;fj wuyrgddtdr yuccc udpowweu tzmcvpdd tqhs......&quot;)" fullname="Open_Lab_05._02.Tests.NoYellingTestRandom(&quot;fj wuyrgddtdr yuccc udpowweu tzmcvpdd tqhs......&quot;,&quot;fj wuyrgddtdr yuccc udpowweu tzmcvpdd tqhs......&quot;)" methodname="NoYellingTestRandom" classname="Open_Lab_05._02.Tests" runstate="Runnable" seed="680637699" result="Passed" start-time="2021-12-27 20:50:26Z" end-time="2021-12-27 20:50:26Z" duration="0.000091" asserts="1" />
            <test-case id="1073" name="NoYellingTestRandom(&quot;kzmwdok!!!!!! ukax! ojegbwsu!!!!!!!!&quot;,&quot;kzmwdok!!!!!! ukax! ojegbwsu!&quot;)" fullname="Open_Lab_05._02.Tests.NoYellingTestRandom(&quot;kzmwdok!!!!!! ukax! ojegbwsu!!!!!!!!&quot;,&quot;kzmwdok!!!!!! ukax! ojegbwsu!&quot;)" methodname="NoYellingTestRandom" classname="Open_Lab_05._02.Tests" runstate="Runnable" seed="489722341" result="Passed" start-time="2021-12-27 20:50:26Z" end-time="2021-12-27 20:50:26Z" duration="0.000085" asserts="1" />
            <test-case id="1074" name="NoYellingTestRandom(&quot;bnljde???? ufx??????? snojsfrzt????????? bepureva??? itqkhvs??? im?&quot;,&quot;bnljde???? ufx??????? snojsfrzt????????? bepureva??? itqkhvs??? im?&quot;)" fullname="Open_Lab_05._02.Tests.NoYellingTestRandom(&quot;bnljde???? ufx??????? snojsfrzt????????? bepureva??? itqkhvs??? im?&quot;,&quot;bnljde???? ufx??????? snojsfrzt????????? bepureva??? itqkhvs??? im?&quot;)" methodname="NoYellingTestRandom" classname="Open_Lab_05._02.Tests" runstate="Runnable" seed="1217162583" result="Passed" start-time="2021-12-27 20:50:26Z" end-time="2021-12-27 20:50:26Z" duration="0.000092" asserts="1" />
            <test-case id="1075" name="NoYellingTestRandom(&quot;ielyq jiuchzolc kxdsjty kzzrkwsvgm....&quot;,&quot;ielyq jiuchzolc kxdsjty kzzrkwsvgm....&quot;)" fullname="Open_Lab_05._02.Tests.NoYellingTestRandom(&quot;ielyq jiuchzolc kxdsjty kzzrkwsvgm....&quot;,&quot;ielyq jiuchzolc kxdsjty kzzrkwsvgm....&quot;)" methodname="NoYellingTestRandom" classname="Open_Lab_05._02.Tests" runstate="Runnable" seed="397297009" result="Passed" start-time="2021-12-27 20:50:26Z" end-time="2021-12-27 20:50:26Z" duration="0.000337" asserts="1" />
            <test-case id="1076" name="NoYellingTestRandom(&quot;wwzzncigg???? xofqzognog????? rkgpdhzpx???? hvkukv????? tb??&quot;,&quot;wwzzncigg???? xofqzognog????? rkgpdhzpx???? hvkukv????? tb?&quot;)" fullname="Open_Lab_05._02.Tests.NoYellingTestRandom(&quot;wwzzncigg???? xofqzognog????? rkgpdhzpx???? hvkukv????? tb??&quot;,&quot;wwzzncigg???? xofqzognog????? rkgpdhzpx???? hvkukv????? tb?&quot;)" methodname="NoYellingTestRandom" classname="Open_Lab_05._02.Tests" runstate="Runnable" seed="1740498551" result="Passed" start-time="2021-12-27 20:50:26Z" end-time="2021-12-27 20:50:26Z" duration="0.000198" asserts="1" />
            <test-case id="1077" name="NoYellingTestRandom(&quot;fhxg!!!!! dbn!!! gnfzh!!!!!!&quot;,&quot;fhxg!!!!! dbn!!! gnfzh!&quot;)" fullname="Open_Lab_05._02.Tests.NoYellingTestRandom(&quot;fhxg!!!!! dbn!!! gnfzh!!!!!!&quot;,&quot;fhxg!!!!! dbn!!! gnfzh!&quot;)" methodname="NoYellingTestRandom" classname="Open_Lab_05._02.Tests" runstate="Runnable" seed="712504105" result="Passed" start-time="2021-12-27 20:50:26Z" end-time="2021-12-27 20:50:26Z" duration="0.000248" asserts="1" />
            <test-case id="1078" name="NoYellingTestRandom(&quot;xvptv! ccilxzcx!!!!! is!&quot;,&quot;xvptv! ccilxzcx!!!!! is!&quot;)" fullname="Open_Lab_05._02.Tests.NoYellingTestRandom(&quot;xvptv! ccilxzcx!!!!! is!&quot;,&quot;xvptv! ccilxzcx!!!!! is!&quot;)" methodname="NoYellingTestRandom" classname="Open_Lab_05._02.Tests" runstate="Runnable" seed="74198330" result="Passed" start-time="2021-12-27 20:50:26Z" end-time="2021-12-27 20:50:26Z" duration="0.000098" asserts="1" />
            <test-case id="1079" name="NoYellingTestRandom(&quot;bgdi!!! lsrcgpksd!!&quot;,&quot;bgdi!!! lsrcgpksd!&quot;)" fullname="Open_Lab_05._02.Tests.NoYellingTestRandom(&quot;bgdi!!! lsrcgpksd!!&quot;,&quot;bgdi!!! lsrcgpksd!&quot;)" methodname="NoYellingTestRandom" classname="Open_Lab_05._02.Tests" runstate="Runnable" seed="1615320555" result="Passed" start-time="2021-12-27 20:50:26Z" end-time="2021-12-27 20:50:26Z" duration="0.000108" asserts="1" />
            <test-case id="1080" name="NoYellingTestRandom(&quot;yexrhkhyf! errnonrjoy!!!!!!!! tusnnix!!!!!! iihddpwypf!!&quot;,&quot;yexrhkhyf! errnonrjoy!!!!!!!! tusnnix!!!!!! iihddpwypf!&quot;)" fullname="Open_Lab_05._02.Tests.NoYellingTestRandom(&quot;yexrhkhyf! errnonrjoy!!!!!!!! tusnnix!!!!!! iihddpwypf!!&quot;,&quot;yexrhkhyf! errnonrjoy!!!!!!!! tusnnix!!!!!! iihddpwypf!&quot;)" methodname="NoYellingTestRandom" classname="Open_Lab_05._02.Tests" runstate="Runnable" seed="550350710" result="Passed" start-time="2021-12-27 20:50:26Z" end-time="2021-12-27 20:50:26Z" duration="0.000087" asserts="1" />
            <test-case id="1081" name="NoYellingTestRandom(&quot;oxxeqtdib????????? ewow??????&quot;,&quot;oxxeqtdib????????? ewow?&quot;)" fullname="Open_Lab_05._02.Tests.NoYellingTestRandom(&quot;oxxeqtdib????????? ewow??????&quot;,&quot;oxxeqtdib????????? ewow?&quot;)" methodname="NoYellingTestRandom" classname="Open_Lab_05._02.Tests" runstate="Runnable" seed="1665732614" result="Passed" start-time="2021-12-27 20:50:26Z" end-time="2021-12-27 20:50:26Z" duration="0.000102" asserts="1" />
            <test-case id="1082" name="NoYellingTestRandom(&quot;qvij! yvlzt!!!! xwepq!!!!!!!! eca!!! ozsh!!!!!!!!! ox!!!!!!!! dgontrx!! iwsgzkhe!!!!&quot;,&quot;qvij! yvlzt!!!! xwepq!!!!!!!! eca!!! ozsh!!!!!!!!! ox!!!!!!!! dgontrx!! iwsgzkhe!&quot;)" fullname="Open_Lab_05._02.Tests.NoYellingTestRandom(&quot;qvij! yvlzt!!!! xwepq!!!!!!!! eca!!! ozsh!!!!!!!!! ox!!!!!!!! dgontrx!! iwsgzkhe!!!!&quot;,&quot;qvij! yvlzt!!!! xwepq!!!!!!!! eca!!! ozsh!!!!!!!!! ox!!!!!!!! dgontrx!! iwsgzkhe!&quot;)" methodname="NoYellingTestRandom" classname="Open_Lab_05._02.Tests" runstate="Runnable" seed="250092415" result="Passed" start-time="2021-12-27 20:50:26Z" end-time="2021-12-27 20:50:26Z" duration="0.000136" asserts="1" />
            <test-case id="1083" name="NoYellingTestRandom(&quot;oubkvlfoke nfs xbckpgkr cvsswuqcwt eesimjh....&quot;,&quot;oubkvlfoke nfs xbckpgkr cvsswuqcwt eesimjh....&quot;)" fullname="Open_Lab_05._02.Tests.NoYellingTestRandom(&quot;oubkvlfoke nfs xbckpgkr cvsswuqcwt eesimjh....&quot;,&quot;oubkvlfoke nfs xbckpgkr cvsswuqcwt eesimjh....&quot;)" methodname="NoYellingTestRandom" classname="Open_Lab_05._02.Tests" runstate="Runnable" seed="1966910579" result="Passed" start-time="2021-12-27 20:50:26Z" end-time="2021-12-27 20:50:26Z" duration="0.000088" asserts="1" />
            <test-case id="1084" name="NoYellingTestRandom(&quot;nognf lq.&quot;,&quot;nognf lq.&quot;)" fullname="Open_Lab_05._02.Tests.NoYellingTestRandom(&quot;nognf lq.&quot;,&quot;nognf lq.&quot;)" methodname="NoYellingTestRandom" classname="Open_Lab_05._02.Tests" runstate="Runnable" seed="1669788013" result="Passed" start-time="2021-12-27 20:50:26Z" end-time="2021-12-27 20:50:26Z" duration="0.000099" asserts="1" />
            <test-case id="1085" name="NoYellingTestRandom(&quot;hzs pocrlb.......&quot;,&quot;hzs pocrlb.......&quot;)" fullname="Open_Lab_05._02.Tests.NoYellingTestRandom(&quot;hzs pocrlb.......&quot;,&quot;hzs pocrlb.......&quot;)" methodname="NoYellingTestRandom" classname="Open_Lab_05._02.Tests" runstate="Runnable" seed="589512539" result="Passed" start-time="2021-12-27 20:50:26Z" end-time="2021-12-27 20:50:26Z" duration="0.000084" asserts="1" />
            <test-case id="1086" name="NoYellingTestRandom(&quot;cdxdnvthe???? opalcn???? wspz? pbrcmwt??????&quot;,&quot;cdxdnvthe???? opalcn???? wspz? pbrcmwt?&quot;)" fullname="Open_Lab_05._02.Tests.NoYellingTestRandom(&quot;cdxdnvthe???? opalcn???? wspz? pbrcmwt??????&quot;,&quot;cdxdnvthe???? opalcn???? wspz? pbrcmwt?&quot;)" methodname="NoYellingTestRandom" classname="Open_Lab_05._02.Tests" runstate="Runnable" seed="1952859901" result="Passed" start-time="2021-12-27 20:50:26Z" end-time="2021-12-27 20:50:26Z" duration="0.000104" asserts="1" />
            <test-case id="1087" name="NoYellingTestRandom(&quot;tzphnroajb!!! ginerzrmdg! tbfrpp!!!!!!!!! adj!!!!!!!!!&quot;,&quot;tzphnroajb!!! ginerzrmdg! tbfrpp!!!!!!!!! adj!&quot;)" fullname="Open_Lab_05._02.Tests.NoYellingTestRandom(&quot;tzphnroajb!!! ginerzrmdg! tbfrpp!!!!!!!!! adj!!!!!!!!!&quot;,&quot;tzphnroajb!!! ginerzrmdg! tbfrpp!!!!!!!!! adj!&quot;)" methodname="NoYellingTestRandom" classname="Open_Lab_05._02.Tests" runstate="Runnable" seed="904937966" result="Passed" start-time="2021-12-27 20:50:26Z" end-time="2021-12-27 20:50:26Z" duration="0.000123" asserts="1" />
            <test-case id="1088" name="NoYellingTestRandom(&quot;abyiqqal!!!! scjynenn!!!!!!!!! mlwltva!!!!! za!! qrkeyw!!!!!!!!!&quot;,&quot;abyiqqal!!!! scjynenn!!!!!!!!! mlwltva!!!!! za!! qrkeyw!&quot;)" fullname="Open_Lab_05._02.Tests.NoYellingTestRandom(&quot;abyiqqal!!!! scjynenn!!!!!!!!! mlwltva!!!!! za!! qrkeyw!!!!!!!!!&quot;,&quot;abyiqqal!!!! scjynenn!!!!!!!!! mlwltva!!!!! za!! qrkeyw!&quot;)" methodname="NoYellingTestRandom" classname="Open_Lab_05._02.Tests" runstate="Runnable" seed="1800260154" result="Passed" start-time="2021-12-27 20:50:26Z" end-time="2021-12-27 20:50:26Z" duration="0.000098" asserts="1" />
            <test-case id="1089" name="NoYellingTestRandom(&quot;swnwzny????? zfwoenoup? tyeeshczor????&quot;,&quot;swnwzny????? zfwoenoup? tyeeshczor?&quot;)" fullname="Open_Lab_05._02.Tests.NoYellingTestRandom(&quot;swnwzny????? zfwoenoup? tyeeshczor????&quot;,&quot;swnwzny????? zfwoenoup? tyeeshczor?&quot;)" methodname="NoYellingTestRandom" classname="Open_Lab_05._02.Tests" runstate="Runnable" seed="1816975953" result="Passed" start-time="2021-12-27 20:50:26Z" end-time="2021-12-27 20:50:26Z" duration="0.000101" asserts="1" />
            <test-case id="1090" name="NoYellingTestRandom(&quot;eogybmedz????????? ucgrjb??????? hstsjer??????? hjpka?????????&quot;,&quot;eogybmedz????????? ucgrjb??????? hstsjer??????? hjpka?&quot;)" fullname="Open_Lab_05._02.Tests.NoYellingTestRandom(&quot;eogybmedz????????? ucgrjb??????? hstsjer??????? hjpka?????????&quot;,&quot;eogybmedz????????? ucgrjb??????? hstsjer??????? hjpka?&quot;)" methodname="NoYellingTestRandom" classname="Open_Lab_05._02.Tests" runstate="Runnable" seed="2066319354" result="Passed" start-time="2021-12-27 20:50:26Z" end-time="2021-12-27 20:50:26Z" duration="0.000138" asserts="1" />
            <test-case id="1091" name="NoYellingTestRandom(&quot;ivomeqzqly wie tapgkwx jbgvqyhtm sbf cc...&quot;,&quot;ivomeqzqly wie tapgkwx jbgvqyhtm sbf cc...&quot;)" fullname="Open_Lab_05._02.Tests.NoYellingTestRandom(&quot;ivomeqzqly wie tapgkwx jbgvqyhtm sbf cc...&quot;,&quot;ivomeqzqly wie tapgkwx jbgvqyhtm sbf cc...&quot;)" methodname="NoYellingTestRandom" classname="Open_Lab_05._02.Tests" runstate="Runnable" seed="61360298" result="Passed" start-time="2021-12-27 20:50:26Z" end-time="2021-12-27 20:50:26Z" duration="0.000087" asserts="1" />
            <test-case id="1092" name="NoYellingTestRandom(&quot;fmoqctwkki ckafkxu rees pdjqtme vzoxmpt cxjepqqfx fhmjtbtya fqydaglmix....&quot;,&quot;fmoqctwkki ckafkxu rees pdjqtme vzoxmpt cxjepqqfx fhmjtbtya fqydaglmix....&quot;)" fullname="Open_Lab_05._02.Tests.NoYellingTestRandom(&quot;fmoqctwkki ckafkxu rees pdjqtme vzoxmpt cxjepqqfx fhmjtbtya fqydaglmix....&quot;,&quot;fmoqctwkki ckafkxu rees pdjqtme vzoxmpt cxjepqqfx fhmjtbtya fqydaglmix....&quot;)" methodname="NoYellingTestRandom" classname="Open_Lab_05._02.Tests" runstate="Runnable" seed="405645325" result="Passed" start-time="2021-12-27 20:50:26Z" end-time="2021-12-27 20:50:26Z" duration="0.000099" asserts="1" />
            <test-case id="1093" name="NoYellingTestRandom(&quot;phvoa metwhxdlgn ptm......&quot;,&quot;phvoa metwhxdlgn ptm......&quot;)" fullname="Open_Lab_05._02.Tests.NoYellingTestRandom(&quot;phvoa metwhxdlgn ptm......&quot;,&quot;phvoa metwhxdlgn ptm......&quot;)" methodname="NoYellingTestRandom" classname="Open_Lab_05._02.Tests" runstate="Runnable" seed="118313936" result="Passed" start-time="2021-12-27 20:50:26Z" end-time="2021-12-27 20:50:26Z" duration="0.000088" asserts="1" />
            <test-case id="1094" name="NoYellingTestRandom(&quot;apjfs yxfaulg xbn luq wvez jsh raknkpgley rcrug nghlltutob......&quot;,&quot;apjfs yxfaulg xbn luq wvez jsh raknkpgley rcrug nghlltutob......&quot;)" fullname="Open_Lab_05._02.Tests.NoYellingTestRandom(&quot;apjfs yxfaulg xbn luq wvez jsh raknkpgley rcrug nghlltutob......&quot;,&quot;apjfs yxfaulg xbn luq wvez jsh raknkpgley rcrug nghlltutob......&quot;)" methodname="NoYellingTestRandom" classname="Open_Lab_05._02.Tests" runstate="Runnable" seed="28313904" result="Passed" start-time="2021-12-27 20:50:26Z" end-time="2021-12-27 20:50:26Z" duration="0.000097" asserts="1" />
            <test-case id="1095" name="NoYellingTestRandom(&quot;ycckvsm!! thwgot!!! sgs!!!! rgo! rafrtif!!!!!!! ojlfdban! ngz!!!!!!&quot;,&quot;ycckvsm!! thwgot!!! sgs!!!! rgo! rafrtif!!!!!!! ojlfdban! ngz!&quot;)" fullname="Open_Lab_05._02.Tests.NoYellingTestRandom(&quot;ycckvsm!! thwgot!!! sgs!!!! rgo! rafrtif!!!!!!! ojlfdban! ngz!!!!!!&quot;,&quot;ycckvsm!! thwgot!!! sgs!!!! rgo! rafrtif!!!!!!! ojlfdban! ngz!&quot;)" methodname="NoYellingTestRandom" classname="Open_Lab_05._02.Tests" runstate="Runnable" seed="364405473" result="Passed" start-time="2021-12-27 20:50:26Z" end-time="2021-12-27 20:50:26Z" duration="0.000097" asserts="1" />
            <test-case id="1096" name="NoYellingTestRandom(&quot;wz?? wvezvmabnn???? sq???????? bodzdczdmr???&quot;,&quot;wz?? wvezvmabnn???? sq???????? bodzdczdmr?&quot;)" fullname="Open_Lab_05._02.Tests.NoYellingTestRandom(&quot;wz?? wvezvmabnn???? sq???????? bodzdczdmr???&quot;,&quot;wz?? wvezvmabnn???? sq???????? bodzdczdmr?&quot;)" methodname="NoYellingTestRandom" classname="Open_Lab_05._02.Tests" runstate="Runnable" seed="2002759155" result="Passed" start-time="2021-12-27 20:50:26Z" end-time="2021-12-27 20:50:26Z" duration="0.000100" asserts="1" />
            <test-case id="1097" name="NoYellingTestRandom(&quot;mguprog!!!!!! ozmq!!! kg!!!!! uchwyiuw!!!!!!! dv!!!!! xauadz!!!!&quot;,&quot;mguprog!!!!!! ozmq!!! kg!!!!! uchwyiuw!!!!!!! dv!!!!! xauadz!&quot;)" fullname="Open_Lab_05._02.Tests.NoYellingTestRandom(&quot;mguprog!!!!!! ozmq!!! kg!!!!! uchwyiuw!!!!!!! dv!!!!! xauadz!!!!&quot;,&quot;mguprog!!!!!! ozmq!!! kg!!!!! uchwyiuw!!!!!!! dv!!!!! xauadz!&quot;)" methodname="NoYellingTestRandom" classname="Open_Lab_05._02.Tests" runstate="Runnable" seed="1320272838" result="Passed" start-time="2021-12-27 20:50:26Z" end-time="2021-12-27 20:50:26Z" duration="0.000115" asserts="1" />
            <test-case id="1098" name="NoYellingTestRandom(&quot;goarmwrbk vvnekwhwr set sbrkdu.&quot;,&quot;goarmwrbk vvnekwhwr set sbrkdu.&quot;)" fullname="Open_Lab_05._02.Tests.NoYellingTestRandom(&quot;goarmwrbk vvnekwhwr set sbrkdu.&quot;,&quot;goarmwrbk vvnekwhwr set sbrkdu.&quot;)" methodname="NoYellingTestRandom" classname="Open_Lab_05._02.Tests" runstate="Runnable" seed="1973509831" result="Passed" start-time="2021-12-27 20:50:26Z" end-time="2021-12-27 20:50:26Z" duration="0.000079" asserts="1" />
            <test-case id="1099" name="NoYellingTestRandom(&quot;hyqi? ms???? qkwkewcuuc???????&quot;,&quot;hyqi? ms???? qkwkewcuuc?&quot;)" fullname="Open_Lab_05._02.Tests.NoYellingTestRandom(&quot;hyqi? ms???? qkwkewcuuc???????&quot;,&quot;hyqi? ms???? qkwkewcuuc?&quot;)" methodname="NoYellingTestRandom" classname="Open_Lab_05._02.Tests" runstate="Runnable" seed="749653511" result="Passed" start-time="2021-12-27 20:50:26Z" end-time="2021-12-27 20:50:26Z" duration="0.000097" asserts="1" />
            <test-case id="1100" name="NoYellingTestRandom(&quot;tuzrhc??????&quot;,&quot;tuzrhc?&quot;)" fullname="Open_Lab_05._02.Tests.NoYellingTestRandom(&quot;tuzrhc??????&quot;,&quot;tuzrhc?&quot;)" methodname="NoYellingTestRandom" classname="Open_Lab_05._02.Tests" runstate="Runnable" seed="310735938" result="Passed" start-time="2021-12-27 20:50:26Z" end-time="2021-12-27 20:50:26Z" duration="0.000082" asserts="1" />
            <test-case id="1101" name="NoYellingTestRandom(&quot;dcyq qwfluu hfhfg maezlkao jvlx et......&quot;,&quot;dcyq qwfluu hfhfg maezlkao jvlx et......&quot;)" fullname="Open_Lab_05._02.Tests.NoYellingTestRandom(&quot;dcyq qwfluu hfhfg maezlkao jvlx et......&quot;,&quot;dcyq qwfluu hfhfg maezlkao jvlx et......&quot;)" methodname="NoYellingTestRandom" classname="Open_Lab_05._02.Tests" runstate="Runnable" seed="917433139" result="Passed" start-time="2021-12-27 20:50:26Z" end-time="2021-12-27 20:50:26Z" duration="0.000108" asserts="1" />
          </test-suite>
        </test-suite>
      </test-suite>
    </test-suite>
  </test-suite>
</test-run>